0 info it worked if it ends with ok
1 verbose cli [ 'C:\\Program Files\\nodejs\\node.exe',
1 verbose cli   'C:\\Program Files\\nodejs\\node_modules\\npm\\bin\\npm-cli.js',
1 verbose cli   'start' ]
2 info using npm@3.10.10
3 info using node@v6.9.5
4 verbose run-script [ 'prestart', 'start', 'poststart' ]
5 info lifecycle generate@0.0.0~prestart: generate@0.0.0
6 silly lifecycle generate@0.0.0~prestart: no script for prestart, continuing
7 info lifecycle generate@0.0.0~start: generate@0.0.0
8 verbose lifecycle generate@0.0.0~start: unsafe-perm in lifecycle true
9 verbose lifecycle generate@0.0.0~start: PATH: C:\Program Files\nodejs\node_modules\npm\bin\node-gyp-bin;C:\Users\User\Desktop\aotc-new\node_modules\.bin;C:\ProgramData\Anaconda2;C:\ProgramData\Anaconda2\Library\mingw-w64\bin;C:\ProgramData\Anaconda2\Library\usr\bin;C:\ProgramData\Anaconda2\Library\bin;C:\ProgramData\Anaconda2\Scripts;C:\Program Files (x86)\Skype\Phone\;C:\Program Files (x86)\GtkSharp\2.12\bin;C:\Program Files (x86)\Windows Kits\8.1\Windows Performance Toolkit\;C:\Program Files\Microsoft SQL Server\130\Tools\Binn\;C:\Program Files\PuTTY\;C:\Program Files\nodejs\;C:\Users\User\Anaconda2;C:\Users\User\Anaconda2\Library\mingw-w64\bin;C:\Users\User\Anaconda2\Library\usr\bin;C:\Users\User\Anaconda2\Library\bin;C:\Users\User\Anaconda2\Scripts;C:\Users\User\AppData\Local\Programs\Python\Python36\Scripts\;C:\Users\User\AppData\Local\Programs\Python\Python36\;C:\Program Files (x86)\Pololu\Maestro\bin;C:\Users\User\AppData\Roaming\Composer\vendor\bin;C:\python27;C:\Users\User\AppData\Local\Programs\Python\Python35-32\Scripts;C:\Program Files (x86)\GnuWin32\bin;C:\Program Files\nodejs;C:\Program Files\Git\bin;C:\Users\User\AppData\Local\Android\sdk\platform-tools;C:\Windows\System32;C:\Users\User\GlassFish_Server\bin;C:\Program Files\Java\jdk1.8.0_25\bin;C:\Program Files\cmake-3.5.1-win32-x86\bin;C:\Program Files (x86)\Microsoft Visual Studio 12.0\VC;C:\Windows\Microsoft.NET\Framework64\v4.0.30319;C:\Program Files (x86)\CloudFoundry;C:\Python27\Scripts;C:\Users\User\AppData\Local\Programs\Python\Python35-32;C:\Users\User\AppData\Roaming\npm;C:\Program Files\Microsoft VS Code\bin
10 verbose lifecycle generate@0.0.0~start: CWD: C:\Users\User\Desktop\aotc-new
11 silly lifecycle generate@0.0.0~start: Args: [ '/d /s /c', 'node ./bin/www' ]
12 verbose stack Error: kill ENOSYS
12 verbose stack     at exports._errnoException (util.js:1022:11)
12 verbose stack     at process.kill (internal/process.js:172:13)
12 verbose stack     at process.listener (C:\Program Files\nodejs\node_modules\npm\node_modules\npmlog\node_modules\gauge\node_modules\signal-exit\index.js:86:15)
12 verbose stack     at emitNone (events.js:91:20)
12 verbose stack     at process.emit (events.js:185:7)
12 verbose stack     at processEmit (C:\Program Files\nodejs\node_modules\npm\node_modules\npmlog\node_modules\gauge\node_modules\signal-exit\index.js:146:32)
12 verbose stack     at processEmit (C:\Program Files\nodejs\node_modules\npm\node_modules\npm-registry-client\node_modules\npmlog\node_modules\gauge\node_modules\signal-exit\index.js:146:32)
12 verbose stack     at Signal.wrap.onsignal (internal/process.js:199:44)
13 verbose cwd C:\Users\User\Desktop\aotc-new
14 error Windows_NT 6.3.9600
15 error argv "C:\\Program Files\\nodejs\\node.exe" "C:\\Program Files\\nodejs\\node_modules\\npm\\bin\\npm-cli.js" "start"
16 error node v6.9.5
17 error npm  v3.10.10
18 error code ENOSYS
19 error errno ENOSYS
20 error syscall kill
21 error kill ENOSYS
22 error If you need help, you may report this error at:
22 error     <https://github.com/npm/npm/issues>
23 verbose exit [ 1, true ]
